<?xml version="1.0" encoding="UTF-8"?>
<!-- Generated by org.testng.reporters.JUnitReportReporter -->
<testsuite hostname="DESKTOP-FU5B06H" failures="0" tests="1" name="test.pruebaTecnica.AppTest" time="0.002" errors="0" timestamp="2022-12-21T15:01:48 CET" skipped="0">
  <testcase classname="test.pruebaTecnica.AppTest" name="testApp" time="0.002"/>
  <system-out/>
</testsuite> <!-- test.pruebaTecnica.AppTest -->
